<?xml version="1.0" encoding="utf-8"?><testsuites name="pytest tests"><testsuite name="pytest" errors="0" failures="0" skipped="0" tests="21" time="3.407" timestamp="2026-05-18T15:17:32.755380+00:00" hostname="agent-env-ce98809e-79d2-4d43-931e-16bfcad8d571"><testcase classname="backend.tests.test_litix_backend.TestRoot" name="test_root" time="0.173" /><testcase classname="backend.tests.test_litix_backend.TestRoot" name="test_categories" time="0.076" /><testcase classname="backend.tests.test_litix_backend.TestCoursesPublic" name="test_list_courses" time="0.075" /><testcase classname="backend.tests.test_litix_backend.TestCoursesPublic" name="test_filter_status_published" time="0.078" /><testcase classname="backend.tests.test_litix_backend.TestCoursesPublic" name="test_filter_category" time="0.070" /><testcase classname="backend.tests.test_litix_backend.TestCoursesPublic" name="test_get_course_by_slug" time="0.161" /><testcase classname="backend.tests.test_litix_backend.TestCoursesPublic" name="test_get_course_not_found" time="0.075" /><testcase classname="backend.tests.test_litix_backend.TestAuth" name="test_login_success" time="0.311" /><testcase classname="backend.tests.test_litix_backend.TestAuth" name="test_login_wrong_password" time="0.299" /><testcase classname="backend.tests.test_litix_backend.TestAuth" name="test_me_with_bearer" time="0.369" /><testcase classname="backend.tests.test_litix_backend.TestAuth" name="test_me_no_auth" time="0.102" /><testcase classname="backend.tests.test_litix_backend.TestCoursesCRUD" name="test_create_unauth" time="0.106" /><testcase classname="backend.tests.test_litix_backend.TestCoursesCRUD" name="test_create_course" time="0.304" /><testcase classname="backend.tests.test_litix_backend.TestCoursesCRUD" name="test_update_course" time="0.205" /><testcase classname="backend.tests.test_litix_backend.TestCoursesCRUD" name="test_delete_course" time="0.232" /><testcase classname="backend.tests.test_litix_backend.TestContact" name="test_submit_public" time="0.088" /><testcase classname="backend.tests.test_litix_backend.TestContact" name="test_list_requires_auth" time="0.107" /><testcase classname="backend.tests.test_litix_backend.TestContact" name="test_list_with_auth" time="0.131" /><testcase classname="backend.tests.test_litix_backend.TestContact" name="test_mark_read" time="0.114" /><testcase classname="backend.tests.test_litix_backend.TestContact" name="test_delete_contact" time="0.126" /><testcase classname="backend.tests.test_litix_backend.TestLogout" name="test_logout" time="0.114" /></testsuite></testsuites>